----------

Sat Jun 01 2019 10:11:30 GMT+0200 (CEST)

To github.com:energychain/stromkonto.git
   13e25a3..9823cb4  master -> master


----------

Sat Jun 01 2019 20:01:16 GMT+0200 (CEST)

Everything up-to-date


----------

Sat Jun 01 2019 20:51:31 GMT+0200 (CEST)

Everything up-to-date


----------

Sat Jun 01 2019 20:53:39 GMT+0200 (CEST)

Everything up-to-date


----------

Sun Jun 02 2019 01:34:36 GMT+0200 (CEST)

Everything up-to-date


----------

Sun Jun 02 2019 01:40:10 GMT+0200 (CEST)

Everything up-to-date


----------

Sun Jun 02 2019 01:54:58 GMT+0200 (CEST)

Everything up-to-date


----------

Sun Jun 02 2019 02:03:21 GMT+0200 (CEST)

Everything up-to-date


----------

Sun Jun 02 2019 02:24:16 GMT+0200 (CEST)

Everything up-to-date


----------

Sun Jun 02 2019 03:14:23 GMT+0200 (CEST)

Everything up-to-date


----------

Mon Jun 03 2019 12:08:02 GMT+0200 (CEST)

Everything up-to-date


----------

Mon Jun 03 2019 12:12:10 GMT+0200 (CEST)

Everything up-to-date


----------

Mon Jun 03 2019 12:14:44 GMT+0200 (CEST)

Everything up-to-date


----------

Mon Jun 03 2019 13:34:10 GMT+0200 (CEST)

Everything up-to-date


----------

Mon Jun 03 2019 20:49:43 GMT+0200 (CEST)

Everything up-to-date


----------

Mon Jun 03 2019 20:51:33 GMT+0200 (CEST)

Everything up-to-date


----------

Mon Jun 03 2019 23:30:37 GMT+0200 (CEST)

Everything up-to-date


----------

Tue Jun 04 2019 00:16:22 GMT+0200 (CEST)

Everything up-to-date


----------

Tue Jun 04 2019 03:37:08 GMT+0200 (CEST)

Everything up-to-date


----------

Fri Jun 07 2019 20:43:57 GMT+0200 (CEST)

Everything up-to-date


----------

Wed Jul 10 2019 11:54:53 GMT+0200 (CEST)

Everything up-to-date


----------

Wed Jul 10 2019 12:00:40 GMT+0200 (CEST)

Everything up-to-date


----------

Wed Jul 10 2019 14:10:15 GMT+0200 (CEST)

Everything up-to-date


----------

Thu Jul 11 2019 00:05:16 GMT+0200 (CEST)

Everything up-to-date


----------

Thu Jul 11 2019 00:05:34 GMT+0200 (CEST)

Everything up-to-date


----------

Thu Jul 11 2019 00:13:15 GMT+0200 (CEST)

Everything up-to-date


----------

Thu Jul 11 2019 00:18:09 GMT+0200 (CEST)

Everything up-to-date


----------

Thu Jul 11 2019 00:32:23 GMT+0200 (CEST)

Everything up-to-date


----------

Thu Jul 11 2019 10:20:27 GMT+0200 (CEST)

Everything up-to-date


----------

Thu Jul 11 2019 10:28:21 GMT+0200 (CEST)

Everything up-to-date


